0 info it worked if it ends with ok
1 verbose cli [ '/usr/local/bin/node',
1 verbose cli   '/usr/local/bin/npm',
1 verbose cli   'install',
1 verbose cli   '--save',
1 verbose cli   'angular-route@X.Y.Z' ]
2 info using npm@3.10.10
3 info using node@v6.11.0
4 silly loadCurrentTree Starting
5 silly install loadCurrentTree
6 silly install readLocalPackageData
7 silly fetchPackageMetaData angular-route@X.Y.Z
8 silly fetchNamedPackageData angular-route
9 silly mapToRegistry name angular-route
10 silly mapToRegistry using default registry
11 silly mapToRegistry registry https://registry.npmjs.org/
12 silly mapToRegistry data Result {
12 silly mapToRegistry   raw: 'angular-route',
12 silly mapToRegistry   scope: null,
12 silly mapToRegistry   escapedName: 'angular-route',
12 silly mapToRegistry   name: 'angular-route',
12 silly mapToRegistry   rawSpec: '',
12 silly mapToRegistry   spec: 'latest',
12 silly mapToRegistry   type: 'tag' }
13 silly mapToRegistry uri https://registry.npmjs.org/angular-route
14 verbose get https://registry.npmjs.org/angular-route not expired, no request
15 silly fetchNamedPackageData No valid target from cache, forcing network
16 verbose request uri https://registry.npmjs.org/angular-route
17 verbose request no auth needed
18 info attempt registry request try #1 at 1:27:11 PM
19 verbose request id 71ab87c8e6b87417
20 http request GET https://registry.npmjs.org/angular-route
21 http 200 https://registry.npmjs.org/angular-route
22 verbose headers { server: 'nginx/1.10.1',
22 verbose headers   'content-type': 'application/json',
22 verbose headers   'last-modified': 'Sun, 20 Aug 2017 05:18:50 GMT',
22 verbose headers   etag: 'W/"59991bba-18746"',
22 verbose headers   'content-encoding': 'gzip',
22 verbose headers   'cache-control': 'max-age=300',
22 verbose headers   'content-length': '10777',
22 verbose headers   'accept-ranges': 'bytes',
22 verbose headers   date: 'Wed, 23 Aug 2017 11:27:11 GMT',
22 verbose headers   via: '1.1 varnish',
22 verbose headers   age: '7',
22 verbose headers   connection: 'keep-alive',
22 verbose headers   'x-served-by': 'cache-mad9420-MAD',
22 verbose headers   'x-cache': 'HIT',
22 verbose headers   'x-cache-hits': '1',
22 verbose headers   'x-timer': 'S1503487632.546880,VS0,VE0',
22 verbose headers   vary: 'Accept-Encoding, Accept' }
23 silly get cb [ 200,
23 silly get   { server: 'nginx/1.10.1',
23 silly get     'content-type': 'application/json',
23 silly get     'last-modified': 'Sun, 20 Aug 2017 05:18:50 GMT',
23 silly get     etag: 'W/"59991bba-18746"',
23 silly get     'content-encoding': 'gzip',
23 silly get     'cache-control': 'max-age=300',
23 silly get     'content-length': '10777',
23 silly get     'accept-ranges': 'bytes',
23 silly get     date: 'Wed, 23 Aug 2017 11:27:11 GMT',
23 silly get     via: '1.1 varnish',
23 silly get     age: '7',
23 silly get     connection: 'keep-alive',
23 silly get     'x-served-by': 'cache-mad9420-MAD',
23 silly get     'x-cache': 'HIT',
23 silly get     'x-cache-hits': '1',
23 silly get     'x-timer': 'S1503487632.546880,VS0,VE0',
23 silly get     vary: 'Accept-Encoding, Accept' } ]
24 verbose get saving angular-route to /Users/aleix/.npm/registry.npmjs.org/angular-route/.cache.json
25 verbose correctMkdir /Users/aleix/.npm correctMkdir not in flight; initializing
26 silly fetchPackageMetaData Error: No compatible version found: angular-route@X.Y.Z
26 silly fetchPackageMetaData Valid install targets:
26 silly fetchPackageMetaData 1.6.6, 1.6.5, 1.6.4, 1.6.3, 1.6.2, 1.6.1, 1.6.0, 1.6.0-rc.2, 1.6.0-rc.1, 1.6.0-rc.0, 1.5.11, 1.5.10, 1.5.9, 1.5.8, 1.5.7, 1.5.6, 1.5.5, 1.5.3, 1.5.2, 1.5.1, 1.5.0, 1.5.0-rc.2, 1.5.0-rc.1, 1.5.0-rc.0, 1.5.0-beta.2, 1.5.0-beta.0, 1.4.14, 1.4.13, 1.4.12, 1.4.11, 1.4.10, 1.4.9, 1.4.8, 1.4.7, 1.4.6, 1.4.5, 1.4.4, 1.4.3, 1.4.2, 1.4.1, 1.4.0, 1.4.0-rc.2, 1.4.0-rc.1, 1.4.0-rc.0, 1.4.0-beta.6, 1.4.0-beta.5, 1.4.0-beta.4, 1.4.0-beta.3, 1.4.0-beta.2, 1.4.0-beta.1, 1.4.0-beta.0, 1.3.20, 1.3.19, 1.3.18, 1.3.17, 1.3.16, 1.3.15, 1.3.14, 1.3.13, 1.3.12, 1.3.11, 1.3.10, 1.3.9, 1.3.8, 1.3.7, 1.3.6, 1.3.5, 1.3.4, 1.3.4-build.3588, 1.3.3, 1.3.2, 1.3.1, 1.3.0, 1.3.0-rc.5, 1.2.32, 1.2.31, 1.2.30, 1.2.29, 1.2.28, 1.2.27, 1.2.17-build.163.1
26 silly fetchPackageMetaData
26 silly fetchPackageMetaData     at pickVersionFromRegistryDocument (/usr/local/lib/node_modules/npm/lib/fetch-package-metadata.js:178:16)
26 silly fetchPackageMetaData     at /usr/local/lib/node_modules/npm/node_modules/iferr/index.js:13:50
26 silly fetchPackageMetaData     at /usr/local/lib/node_modules/npm/lib/utils/pulse-till-done.js:20:8
26 silly fetchPackageMetaData     at saved (/usr/local/lib/node_modules/npm/lib/cache/caching-client.js:174:7)
26 silly fetchPackageMetaData     at /usr/local/lib/node_modules/npm/node_modules/graceful-fs/polyfills.js:241:18
26 silly fetchPackageMetaData     at FSReqWrap.oncomplete (fs.js:123:15)
26 silly fetchPackageMetaData  error for angular-route@X.Y.Z { Error: No compatible version found: angular-route@X.Y.Z
26 silly fetchPackageMetaData Valid install targets:
26 silly fetchPackageMetaData 1.6.6, 1.6.5, 1.6.4, 1.6.3, 1.6.2, 1.6.1, 1.6.0, 1.6.0-rc.2, 1.6.0-rc.1, 1.6.0-rc.0, 1.5.11, 1.5.10, 1.5.9, 1.5.8, 1.5.7, 1.5.6, 1.5.5, 1.5.3, 1.5.2, 1.5.1, 1.5.0, 1.5.0-rc.2, 1.5.0-rc.1, 1.5.0-rc.0, 1.5.0-beta.2, 1.5.0-beta.0, 1.4.14, 1.4.13, 1.4.12, 1.4.11, 1.4.10, 1.4.9, 1.4.8, 1.4.7, 1.4.6, 1.4.5, 1.4.4, 1.4.3, 1.4.2, 1.4.1, 1.4.0, 1.4.0-rc.2, 1.4.0-rc.1, 1.4.0-rc.0, 1.4.0-beta.6, 1.4.0-beta.5, 1.4.0-beta.4, 1.4.0-beta.3, 1.4.0-beta.2, 1.4.0-beta.1, 1.4.0-beta.0, 1.3.20, 1.3.19, 1.3.18, 1.3.17, 1.3.16, 1.3.15, 1.3.14, 1.3.13, 1.3.12, 1.3.11, 1.3.10, 1.3.9, 1.3.8, 1.3.7, 1.3.6, 1.3.5, 1.3.4, 1.3.4-build.3588, 1.3.3, 1.3.2, 1.3.1, 1.3.0, 1.3.0-rc.5, 1.2.32, 1.2.31, 1.2.30, 1.2.29, 1.2.28, 1.2.27, 1.2.17-build.163.1
26 silly fetchPackageMetaData
26 silly fetchPackageMetaData     at pickVersionFromRegistryDocument (/usr/local/lib/node_modules/npm/lib/fetch-package-metadata.js:178:16)
26 silly fetchPackageMetaData     at /usr/local/lib/node_modules/npm/node_modules/iferr/index.js:13:50
26 silly fetchPackageMetaData     at /usr/local/lib/node_modules/npm/lib/utils/pulse-till-done.js:20:8
26 silly fetchPackageMetaData     at saved (/usr/local/lib/node_modules/npm/lib/cache/caching-client.js:174:7)
26 silly fetchPackageMetaData     at /usr/local/lib/node_modules/npm/node_modules/graceful-fs/polyfills.js:241:18
26 silly fetchPackageMetaData     at FSReqWrap.oncomplete (fs.js:123:15) code: 'ETARGET' }
27 silly rollbackFailedOptional Starting
28 silly rollbackFailedOptional Finishing
29 silly runTopLevelLifecycles Finishing
30 silly install printInstalled
31 verbose stack Error: No compatible version found: angular-route@X.Y.Z
31 verbose stack Valid install targets:
31 verbose stack 1.6.6, 1.6.5, 1.6.4, 1.6.3, 1.6.2, 1.6.1, 1.6.0, 1.6.0-rc.2, 1.6.0-rc.1, 1.6.0-rc.0, 1.5.11, 1.5.10, 1.5.9, 1.5.8, 1.5.7, 1.5.6, 1.5.5, 1.5.3, 1.5.2, 1.5.1, 1.5.0, 1.5.0-rc.2, 1.5.0-rc.1, 1.5.0-rc.0, 1.5.0-beta.2, 1.5.0-beta.0, 1.4.14, 1.4.13, 1.4.12, 1.4.11, 1.4.10, 1.4.9, 1.4.8, 1.4.7, 1.4.6, 1.4.5, 1.4.4, 1.4.3, 1.4.2, 1.4.1, 1.4.0, 1.4.0-rc.2, 1.4.0-rc.1, 1.4.0-rc.0, 1.4.0-beta.6, 1.4.0-beta.5, 1.4.0-beta.4, 1.4.0-beta.3, 1.4.0-beta.2, 1.4.0-beta.1, 1.4.0-beta.0, 1.3.20, 1.3.19, 1.3.18, 1.3.17, 1.3.16, 1.3.15, 1.3.14, 1.3.13, 1.3.12, 1.3.11, 1.3.10, 1.3.9, 1.3.8, 1.3.7, 1.3.6, 1.3.5, 1.3.4, 1.3.4-build.3588, 1.3.3, 1.3.2, 1.3.1, 1.3.0, 1.3.0-rc.5, 1.2.32, 1.2.31, 1.2.30, 1.2.29, 1.2.28, 1.2.27, 1.2.17-build.163.1
31 verbose stack
31 verbose stack     at pickVersionFromRegistryDocument (/usr/local/lib/node_modules/npm/lib/fetch-package-metadata.js:178:16)
31 verbose stack     at /usr/local/lib/node_modules/npm/node_modules/iferr/index.js:13:50
31 verbose stack     at /usr/local/lib/node_modules/npm/lib/utils/pulse-till-done.js:20:8
31 verbose stack     at saved (/usr/local/lib/node_modules/npm/lib/cache/caching-client.js:174:7)
31 verbose stack     at /usr/local/lib/node_modules/npm/node_modules/graceful-fs/polyfills.js:241:18
31 verbose stack     at FSReqWrap.oncomplete (fs.js:123:15)
32 verbose cwd /Users/aleix/Desktop/PodCast
33 error Darwin 16.7.0
34 error argv "/usr/local/bin/node" "/usr/local/bin/npm" "install" "--save" "angular-route@X.Y.Z"
35 error node v6.11.0
36 error npm  v3.10.10
37 error code ETARGET
38 error notarget No compatible version found: angular-route@X.Y.Z
38 error notarget Valid install targets:
38 error notarget 1.6.6, 1.6.5, 1.6.4, 1.6.3, 1.6.2, 1.6.1, 1.6.0, 1.6.0-rc.2, 1.6.0-rc.1, 1.6.0-rc.0, 1.5.11, 1.5.10, 1.5.9, 1.5.8, 1.5.7, 1.5.6, 1.5.5, 1.5.3, 1.5.2, 1.5.1, 1.5.0, 1.5.0-rc.2, 1.5.0-rc.1, 1.5.0-rc.0, 1.5.0-beta.2, 1.5.0-beta.0, 1.4.14, 1.4.13, 1.4.12, 1.4.11, 1.4.10, 1.4.9, 1.4.8, 1.4.7, 1.4.6, 1.4.5, 1.4.4, 1.4.3, 1.4.2, 1.4.1, 1.4.0, 1.4.0-rc.2, 1.4.0-rc.1, 1.4.0-rc.0, 1.4.0-beta.6, 1.4.0-beta.5, 1.4.0-beta.4, 1.4.0-beta.3, 1.4.0-beta.2, 1.4.0-beta.1, 1.4.0-beta.0, 1.3.20, 1.3.19, 1.3.18, 1.3.17, 1.3.16, 1.3.15, 1.3.14, 1.3.13, 1.3.12, 1.3.11, 1.3.10, 1.3.9, 1.3.8, 1.3.7, 1.3.6, 1.3.5, 1.3.4, 1.3.4-build.3588, 1.3.3, 1.3.2, 1.3.1, 1.3.0, 1.3.0-rc.5, 1.2.32, 1.2.31, 1.2.30, 1.2.29, 1.2.28, 1.2.27, 1.2.17-build.163.1
39 error notarget This is most likely not a problem with npm itself.
39 error notarget In most cases you or one of your dependencies are requesting
39 error notarget a package version that doesn't exist.
40 verbose exit [ 1, true ]
